0 info it worked if it ends with ok
1 verbose cli [ '/Users/AaronLeon/.nvm/versions/node/v0.12.7/bin/node',
1 verbose cli   '/Users/AaronLeon/.nvm/versions/node/v0.12.7/bin/npm',
1 verbose cli   'install' ]
2 info using npm@2.11.3
3 info using node@v0.12.7
4 verbose readDependencies loading dependencies from /Users/AaronLeon/Documents/workspace/hi5/package.json
5 verbose install where, deps [ '/Users/AaronLeon/Documents/workspace/hi5',
5 verbose install   [ 'grunt-steroids' ] ]
6 verbose install where, peers [ '/Users/AaronLeon/Documents/workspace/hi5', [] ]
7 verbose installManyTop reading for lifecycle /Users/AaronLeon/Documents/workspace/hi5/package.json
8 info preinstall hi5@0.0.0
9 verbose readDependencies loading dependencies from /Users/AaronLeon/Documents/workspace/hi5/package.json
10 silly cache add args [ 'grunt-steroids@1.x', null ]
11 verbose cache add spec grunt-steroids@1.x
12 silly cache add parsed spec { raw: 'grunt-steroids@1.x',
12 silly cache add   scope: null,
12 silly cache add   name: 'grunt-steroids',
12 silly cache add   rawSpec: '1.x',
12 silly cache add   spec: '>=1.0.0 <2.0.0',
12 silly cache add   type: 'range' }
13 silly addNamed grunt-steroids@>=1.0.0 <2.0.0
14 verbose addNamed ">=1.0.0 <2.0.0" is a valid semver range for grunt-steroids
15 silly addNameRange { name: 'grunt-steroids',
15 silly addNameRange   range: '>=1.0.0 <2.0.0',
15 silly addNameRange   hasData: false }
16 silly mapToRegistry name grunt-steroids
17 silly mapToRegistry using default registry
18 silly mapToRegistry registry https://registry.npmjs.org/
19 silly mapToRegistry uri https://registry.npmjs.org/grunt-steroids
20 verbose addNameRange registry:https://registry.npmjs.org/grunt-steroids not in flight; fetching
21 verbose request uri https://registry.npmjs.org/grunt-steroids
22 verbose request no auth needed
23 info attempt registry request try #1 at 9:14:33 PM
24 verbose request id df181e9e5084d3ca
25 verbose etag "4OD52798ME0FX9B7RKBG2KJ74"
26 http request GET https://registry.npmjs.org/grunt-steroids
27 http 304 https://registry.npmjs.org/grunt-steroids
28 silly get cb [ 304,
28 silly get   { date: 'Tue, 03 Nov 2015 03:14:33 GMT',
28 silly get     via: '1.1 varnish',
28 silly get     'cache-control': 'max-age=60',
28 silly get     etag: '"4OD52798ME0FX9B7RKBG2KJ74"',
28 silly get     age: '0',
28 silly get     connection: 'keep-alive',
28 silly get     'x-served-by': 'cache-dfw1822-DFW',
28 silly get     'x-cache': 'MISS',
28 silly get     'x-cache-hits': '0',
28 silly get     'x-timer': 'S1446520473.926885,VS0,VE163',
28 silly get     vary: 'Accept' } ]
29 verbose etag https://registry.npmjs.org/grunt-steroids from cache
30 verbose get saving grunt-steroids to /Users/AaronLeon/.npm/registry.npmjs.org/grunt-steroids/.cache.json
31 silly addNameRange number 2 { name: 'grunt-steroids',
31 silly addNameRange   range: '>=1.0.0 <2.0.0',
31 silly addNameRange   hasData: true }
32 silly addNameRange versions [ 'grunt-steroids',
32 silly addNameRange   [ '0.1.0',
32 silly addNameRange     '0.1.1',
32 silly addNameRange     '0.2.0',
32 silly addNameRange     '0.2.1',
32 silly addNameRange     '0.2.2',
32 silly addNameRange     '0.2.3',
32 silly addNameRange     '1.0.6',
32 silly addNameRange     '1.0.7',
32 silly addNameRange     '1.1.0',
32 silly addNameRange     '1.1.1',
32 silly addNameRange     '1.2.0' ] ]
33 silly addNamed grunt-steroids@1.2.0
34 verbose addNamed "1.2.0" is a plain semver version for grunt-steroids
35 silly cache afterAdd grunt-steroids@1.2.0
36 verbose afterAdd /Users/AaronLeon/.npm/grunt-steroids/1.2.0/package/package.json not in flight; writing
37 verbose afterAdd /Users/AaronLeon/.npm/grunt-steroids/1.2.0/package/package.json written
38 silly install resolved [ { name: 'grunt-steroids',
38 silly install resolved     description: 'Grunt tasks for AppGyver Steroids.',
38 silly install resolved     version: '1.2.0',
38 silly install resolved     homepage: 'http://www.appgyver.com',
38 silly install resolved     author: { name: 'AppGyver', email: 'contact@appgyver.com' },
38 silly install resolved     contributors: [ [Object], [Object], [Object] ],
38 silly install resolved     repository:
38 silly install resolved      { type: 'git',
38 silly install resolved        url: 'git://github.com/AppGyver/grunt-steroids.git' },
38 silly install resolved     bugs: { url: 'https://github.com/AppGyver/grunt-steroids/issues' },
38 silly install resolved     licenses: { type: 'MIT' },
38 silly install resolved     engines: { node: '>= 0.10.0' },
38 silly install resolved     scripts: { test: 'grunt test' },
38 silly install resolved     devDependencies: { grunt: '0.4.5' },
38 silly install resolved     dependencies:
38 silly install resolved      { 'ag-resource-loader-raml': '^1.0.0',
38 silly install resolved        chalk: '0.3.0',
38 silly install resolved        lodash: '2.4.1',
38 silly install resolved        wrench: '1.5.4',
38 silly install resolved        xml2js: '0.4.4' },
38 silly install resolved     peerDependencies:
38 silly install resolved      { grunt: '0.4.5',
38 silly install resolved        'grunt-contrib-copy': '0.7.0',
38 silly install resolved        'grunt-contrib-clean': '0.6.0',
38 silly install resolved        'grunt-contrib-concat': '0.5.0',
38 silly install resolved        'grunt-contrib-coffee': '0.12.0',
38 silly install resolved        'grunt-contrib-sass': '0.8.1',
38 silly install resolved        'grunt-extend-config': '0.9.2' },
38 silly install resolved     keywords: [ 'gruntplugin', 'steroids', 'appgyver' ],
38 silly install resolved     gitHead: '3e44b961b3142c9b410f28ba7a2b11ea884a5ef9',
38 silly install resolved     _id: 'grunt-steroids@1.2.0',
38 silly install resolved     _shasum: '5fc3e6b008109d086350f264a0bcebfa180e2229',
38 silly install resolved     _from: 'grunt-steroids@>=1.0.0 <2.0.0',
38 silly install resolved     _npmVersion: '2.13.3',
38 silly install resolved     _nodeVersion: '0.12.5',
38 silly install resolved     _npmUser: { name: 'ag-hostmaster', email: 'hostmaster+npm@appgyver.com' },
38 silly install resolved     dist:
38 silly install resolved      { shasum: '5fc3e6b008109d086350f264a0bcebfa180e2229',
38 silly install resolved        tarball: 'http://registry.npmjs.org/grunt-steroids/-/grunt-steroids-1.2.0.tgz' },
38 silly install resolved     maintainers: [ [Object], [Object], [Object], [Object] ],
38 silly install resolved     directories: {},
38 silly install resolved     _resolved: 'https://registry.npmjs.org/grunt-steroids/-/grunt-steroids-1.2.0.tgz',
38 silly install resolved     readme: 'ERROR: No README data found!' } ]
39 info install grunt-steroids@1.2.0 into /Users/AaronLeon/Documents/workspace/hi5
40 info installOne grunt-steroids@1.2.0
41 verbose installOne of grunt-steroids to /Users/AaronLeon/Documents/workspace/hi5 not in flight; installing
42 warn locking Error: EACCES, open '/Users/AaronLeon/.npm/_locks/grunt-steroids-6f1be21f535908b8.lock'
42 warn locking     at Error (native)
42 warn locking  /Users/AaronLeon/.npm/_locks/grunt-steroids-6f1be21f535908b8.lock failed { [Error: EACCES, open '/Users/AaronLeon/.npm/_locks/grunt-steroids-6f1be21f535908b8.lock']
42 warn locking   errno: -13,
42 warn locking   code: 'EACCES',
42 warn locking   path: '/Users/AaronLeon/.npm/_locks/grunt-steroids-6f1be21f535908b8.lock' }
43 verbose stack Error: Attempt to unlock /Users/AaronLeon/Documents/workspace/hi5/node_modules/grunt-steroids, which hasn't been locked
43 verbose stack     at unlock (/Users/AaronLeon/.nvm/versions/node/v0.12.7/lib/node_modules/npm/lib/utils/locker.js:66:11)
43 verbose stack     at cb (/Users/AaronLeon/.nvm/versions/node/v0.12.7/lib/node_modules/npm/lib/install.js:1017:5)
43 verbose stack     at /Users/AaronLeon/.nvm/versions/node/v0.12.7/lib/node_modules/npm/lib/install.js:1021:20
43 verbose stack     at /Users/AaronLeon/.nvm/versions/node/v0.12.7/lib/node_modules/npm/lib/utils/locker.js:40:9
43 verbose stack     at cb (/Users/AaronLeon/.nvm/versions/node/v0.12.7/lib/node_modules/npm/node_modules/lockfile/lockfile.js:149:38)
43 verbose stack     at /Users/AaronLeon/.nvm/versions/node/v0.12.7/lib/node_modules/npm/node_modules/lockfile/lockfile.js:177:38
43 verbose stack     at FSReqWrap.oncomplete (fs.js:95:15)
44 verbose cwd /Users/AaronLeon/Documents/workspace/hi5
45 error Darwin 15.0.0
46 error argv "/Users/AaronLeon/.nvm/versions/node/v0.12.7/bin/node" "/Users/AaronLeon/.nvm/versions/node/v0.12.7/bin/npm" "install"
47 error node v0.12.7
48 error npm  v2.11.3
49 error Attempt to unlock /Users/AaronLeon/Documents/workspace/hi5/node_modules/grunt-steroids, which hasn't been locked
50 error If you need help, you may report this error at:
50 error     <https://github.com/npm/npm/issues>
51 verbose exit [ 1, true ]
